This is pdfTeX, Version 3.141592653-2.6-1.40.24 (MiKTeX 22.10) (preloaded format=pdflatex 2022.10.26)  26 OCT 2022 14:34
entering extended mode
 restricted \write18 enabled.
 file:line:error style messages enabled.
 %&-line parsing enabled.
**c:/Users/Mihai/Documents/Uni/CMP726_Data_Mining/DataMiningCoursework/Documents/LaTeX/Report.tex
(c:/Users/Mihai/Documents/Uni/CMP726_Data_Mining/DataMiningCoursework/Documents/LaTeX/Report.tex
LaTeX2e <2022-06-01> patch level 5
L3 programming layer <2022-09-28> (C:\Users\Mihai\AppData\Local\Programs\MiKTeX\tex/latex/base\article.cls
Document Class: article 2021/10/04 v1.4n Standard LaTeX document class
(C:\Users\Mihai\AppData\Local\Programs\MiKTeX\tex/latex/base\size12.clo
File: size12.clo 2021/10/04 v1.4n Standard LaTeX file (size option)
)
\c@part=\count185
\c@section=\count186
\c@subsection=\count187
\c@subsubsection=\count188
\c@paragraph=\count189
\c@subparagraph=\count190
\c@figure=\count191
\c@table=\count192
\abovecaptionskip=\skip47
\belowcaptionskip=\skip48
\bibindent=\dimen138
) (C:\Users\Mihai\AppData\Local\Programs\MiKTeX\tex/latex/amsmath\amsmath.sty
Package: amsmath 2022/04/08 v2.17n AMS math features
\@mathmargin=\skip49

For additional information on amsmath, use the `?' option.
(C:\Users\Mihai\AppData\Local\Programs\MiKTeX\tex/latex/amsmath\amstext.sty
Package: amstext 2021/08/26 v2.01 AMS text
 (C:\Users\Mihai\AppData\Local\Programs\MiKTeX\tex/latex/amsmath\amsgen.sty
File: amsgen.sty 1999/11/30 v2.0 generic functions
\@emptytoks=\toks16
\ex@=\dimen139
)) (C:\Users\Mihai\AppData\Local\Programs\MiKTeX\tex/latex/amsmath\amsbsy.sty
Package: amsbsy 1999/11/29 v1.2d Bold Symbols
\pmbraise@=\dimen140
) (C:\Users\Mihai\AppData\Local\Programs\MiKTeX\tex/latex/amsmath\amsopn.sty
Package: amsopn 2022/04/08 v2.04 operator names
)
\inf@bad=\count193
LaTeX Info: Redefining \frac on input line 234.
\uproot@=\count194
\leftroot@=\count195
LaTeX Info: Redefining \overline on input line 399.
LaTeX Info: Redefining \colon on input line 410.
\classnum@=\count196
\DOTSCASE@=\count197
LaTeX Info: Redefining \ldots on input line 496.
LaTeX Info: Redefining \dots on input line 499.
LaTeX Info: Redefining \cdots on input line 620.
\Mathstrutbox@=\box51
\strutbox@=\box52
LaTeX Info: Redefining \big on input line 722.
LaTeX Info: Redefining \Big on input line 723.
LaTeX Info: Redefining \bigg on input line 724.
LaTeX Info: Redefining \Bigg on input line 725.
\big@size=\dimen141
LaTeX Font Info:    Redeclaring font encoding OML on input line 743.
LaTeX Font Info:    Redeclaring font encoding OMS on input line 744.
\macc@depth=\count198
LaTeX Info: Redefining \bmod on input line 905.
LaTeX Info: Redefining \pmod on input line 910.
LaTeX Info: Redefining \smash on input line 940.
LaTeX Info: Redefining \relbar on input line 970.
LaTeX Info: Redefining \Relbar on input line 971.
\c@MaxMatrixCols=\count199
\dotsspace@=\muskip16
\c@parentequation=\count266
\dspbrk@lvl=\count267
\tag@help=\toks17
\row@=\count268
\column@=\count269
\maxfields@=\count270
\andhelp@=\toks18
\eqnshift@=\dimen142
\alignsep@=\dimen143
\tagshift@=\dimen144
\tagwidth@=\dimen145
\totwidth@=\dimen146
\lineht@=\dimen147
\@envbody=\toks19
\multlinegap=\skip50
\multlinetaggap=\skip51
\mathdisplay@stack=\toks20
LaTeX Info: Redefining \[ on input line 2953.
LaTeX Info: Redefining \] on input line 2954.
) (C:\Users\Mihai\AppData\Local\Programs\MiKTeX\tex/latex/graphics\graphicx.sty
Package: graphicx 2021/09/16 v1.2d Enhanced LaTeX Graphics (DPC,SPQR)
 (C:\Users\Mihai\AppData\Local\Programs\MiKTeX\tex/latex/graphics\keyval.sty
Package: keyval 2022/05/29 v1.15 key=value parser (DPC)
\KV@toks@=\toks21
) (C:\Users\Mihai\AppData\Local\Programs\MiKTeX\tex/latex/graphics\graphics.sty
Package: graphics 2022/03/10 v1.4e Standard LaTeX Graphics (DPC,SPQR)
 (C:\Users\Mihai\AppData\Local\Programs\MiKTeX\tex/latex/graphics\trig.sty
Package: trig 2021/08/11 v1.11 sin cos tan (DPC)
) (C:\Users\Mihai\AppData\Local\Programs\MiKTeX\tex/latex/graphics-cfg\graphics.cfg
File: graphics.cfg 2016/06/04 v1.11 sample graphics configuration
)
Package graphics Info: Driver file: pdftex.def on input line 107.
 (C:\Users\Mihai\AppData\Local\Programs\MiKTeX\tex/latex/graphics-def\pdftex.def
File: pdftex.def 2022/09/22 v1.2b Graphics/color driver for pdftex
\stockwidth=\dimen148
\stockheight=\dimen149
))
\Gin@req@height=\dimen150
\Gin@req@width=\dimen151
) (C:\Users\Mihai\AppData\Local\Programs\MiKTeX\tex/latex/hyperref\hyperref.sty
Package: hyperref 2022-09-22 v7.00t Hypertext links for LaTeX
 (C:\Users\Mihai\AppData\Local\Programs\MiKTeX\tex/generic/ltxcmds\ltxcmds.sty
Package: ltxcmds 2020-05-10 v1.25 LaTeX kernel commands for general use (HO)
) (C:\Users\Mihai\AppData\Local\Programs\MiKTeX\tex/generic/iftex\iftex.sty
Package: iftex 2022/02/03 v1.0f TeX engine tests
) (C:\Users\Mihai\AppData\Local\Programs\MiKTeX\tex/generic/pdftexcmds\pdftexcmds.sty
Package: pdftexcmds 2020-06-27 v0.33 Utility functions of pdfTeX for LuaTeX (HO)
 (C:\Users\Mihai\AppData\Local\Programs\MiKTeX\tex/generic/infwarerr\infwarerr.sty
Package: infwarerr 2019/12/03 v1.5 Providing info/warning/error messages (HO)
)
Package pdftexcmds Info: \pdf@primitive is available.
Package pdftexcmds Info: \pdf@ifprimitive is available.
Package pdftexcmds Info: \pdfdraftmode found.
) (C:\Users\Mihai\AppData\Local\Programs\MiKTeX\tex/latex/kvsetkeys\kvsetkeys.sty
Package: kvsetkeys 2022-10-05 v1.19 Key value parser (HO)
) (C:\Users\Mihai\AppData\Local\Programs\MiKTeX\tex/generic/kvdefinekeys\kvdefinekeys.sty
Package: kvdefinekeys 2019-12-19 v1.6 Define keys (HO)
) (C:\Users\Mihai\AppData\Local\Programs\MiKTeX\tex/generic/pdfescape\pdfescape.sty
Package: pdfescape 2019/12/09 v1.15 Implements pdfTeX's escape features (HO)
) (C:\Users\Mihai\AppData\Local\Programs\MiKTeX\tex/latex/hycolor\hycolor.sty
Package: hycolor 2020-01-27 v1.10 Color options for hyperref/bookmark (HO)
) (C:\Users\Mihai\AppData\Local\Programs\MiKTeX\tex/latex/letltxmacro\letltxmacro.sty
Package: letltxmacro 2019/12/03 v1.6 Let assignment for LaTeX macros (HO)
) (C:\Users\Mihai\AppData\Local\Programs\MiKTeX\tex/latex/auxhook\auxhook.sty
Package: auxhook 2019-12-17 v1.6 Hooks for auxiliary files (HO)
) (C:\Users\Mihai\AppData\Local\Programs\MiKTeX\tex/latex/hyperref\nameref.sty
Package: nameref 2022-05-17 v2.50 Cross-referencing by name of section
 (C:\Users\Mihai\AppData\Local\Programs\MiKTeX\tex/latex/refcount\refcount.sty
Package: refcount 2019/12/15 v3.6 Data extraction from label references (HO)
) (C:\Users\Mihai\AppData\Local\Programs\MiKTeX\tex/generic/gettitlestring\gettitlestring.sty
Package: gettitlestring 2019/12/15 v1.6 Cleanup title references (HO)
 (C:\Users\Mihai\AppData\Local\Programs\MiKTeX\tex/latex/kvoptions\kvoptions.sty
Package: kvoptions 2022-06-15 v3.15 Key value format for package options (HO)
))
\c@section@level=\count271
)
\@linkdim=\dimen152
\Hy@linkcounter=\count272
\Hy@pagecounter=\count273
 (C:\Users\Mihai\AppData\Local\Programs\MiKTeX\tex/latex/hyperref\pd1enc.def
File: pd1enc.def 2022-09-22 v7.00t Hyperref: PDFDocEncoding definition (HO)
Now handling font encoding PD1 ...
... no UTF-8 mapping file for font encoding PD1
) (C:\Users\Mihai\AppData\Local\Programs\MiKTeX\tex/generic/intcalc\intcalc.sty
Package: intcalc 2019/12/15 v1.3 Expandable calculations with integers (HO)
) (C:\Users\Mihai\AppData\Local\Programs\MiKTeX\tex/generic/etexcmds\etexcmds.sty
Package: etexcmds 2019/12/15 v1.7 Avoid name clashes with e-TeX commands (HO)
)
\Hy@SavedSpaceFactor=\count274
 (C:\Users\Mihai\AppData\Local\Programs\MiKTeX\tex/latex/hyperref\puenc.def
File: puenc.def 2022-09-22 v7.00t Hyperref: PDF Unicode definition (HO)
Now handling font encoding PU ...
... no UTF-8 mapping file for font encoding PU
)
Package hyperref Info: Hyper figures OFF on input line 4162.
Package hyperref Info: Link nesting OFF on input line 4167.
Package hyperref Info: Hyper index ON on input line 4170.
Package hyperref Info: Plain pages OFF on input line 4177.
Package hyperref Info: Backreferencing OFF on input line 4182.
Package hyperref Info: Implicit mode ON; LaTeX internals redefined.
Package hyperref Info: Bookmarks ON on input line 4410.
\c@Hy@tempcnt=\count275
 (C:\Users\Mihai\AppData\Local\Programs\MiKTeX\tex/latex/url\url.sty
\Urlmuskip=\muskip17
Package: url 2013/09/16  ver 3.4  Verb mode for urls, etc.
)
LaTeX Info: Redefining \url on input line 4748.
\XeTeXLinkMargin=\dimen153
 (C:\Users\Mihai\AppData\Local\Programs\MiKTeX\tex/generic/bitset\bitset.sty
Package: bitset 2019/12/09 v1.3 Handle bit-vector datatype (HO)
 (C:\Users\Mihai\AppData\Local\Programs\MiKTeX\tex/generic/bigintcalc\bigintcalc.sty
Package: bigintcalc 2019/12/15 v1.5 Expandable calculations on big integers (HO)
))
\Fld@menulength=\count276
\Field@Width=\dimen154
\Fld@charsize=\dimen155
Package hyperref Info: Hyper figures OFF on input line 6027.
Package hyperref Info: Link nesting OFF on input line 6032.
Package hyperref Info: Hyper index ON on input line 6035.
Package hyperref Info: backreferencing OFF on input line 6042.
Package hyperref Info: Link coloring OFF on input line 6047.
Package hyperref Info: Link coloring with OCG OFF on input line 6052.
Package hyperref Info: PDF/A mode OFF on input line 6057.
 (C:\Users\Mihai\AppData\Local\Programs\MiKTeX\tex/latex/base\atbegshi-ltx.sty
Package: atbegshi-ltx 2021/01/10 v1.0c Emulation of the original atbegshi
package with kernel methods
)
\Hy@abspage=\count277
\c@Item=\count278
\c@Hfootnote=\count279
)
Package hyperref Info: Driver (autodetected): hpdftex.
 (C:\Users\Mihai\AppData\Local\Programs\MiKTeX\tex/latex/hyperref\hpdftex.def
File: hpdftex.def 2022-09-22 v7.00t Hyperref driver for pdfTeX
 (C:\Users\Mihai\AppData\Local\Programs\MiKTeX\tex/latex/base\atveryend-ltx.sty
Package: atveryend-ltx 2020/08/19 v1.0a Emulation of the original atveryend package
with kernel methods
)
\Fld@listcount=\count280
\c@bookmark@seq@number=\count281
 (C:\Users\Mihai\AppData\Local\Programs\MiKTeX\tex/latex/rerunfilecheck\rerunfilecheck.sty
Package: rerunfilecheck 2022-07-10 v1.10 Rerun checks for auxiliary files (HO)
 (C:\Users\Mihai\AppData\Local\Programs\MiKTeX\tex/generic/uniquecounter\uniquecounter.sty
Package: uniquecounter 2019/12/15 v1.4 Provide unlimited unique counter (HO)
)
Package uniquecounter Info: New unique counter `rerunfilecheck' on input line 285.
)
\Hy@SectionHShift=\skip52
) (C:\Users\Mihai\AppData\Local\Programs\MiKTeX\tex/latex/base\inputenc.sty
Package: inputenc 2021/02/14 v1.3d Input encoding file
\inpenc@prehook=\toks22
\inpenc@posthook=\toks23
) (C:\Users\Mihai\AppData\Local\Programs\MiKTeX\tex/latex/fancyhdr\fancyhdr.sty
Package: fancyhdr 2022/05/18 v4.0.3 Extensive control of page headers and footers
\f@nch@headwidth=\skip53
\f@nch@O@elh=\skip54
\f@nch@O@erh=\skip55
\f@nch@O@olh=\skip56
\f@nch@O@orh=\skip57
\f@nch@O@elf=\skip58
\f@nch@O@erf=\skip59
\f@nch@O@olf=\skip60
\f@nch@O@orf=\skip61
) (C:\Users\Mihai\AppData\Local\Programs\MiKTeX\tex/latex/float\float.sty
Package: float 2001/11/08 v1.3d Float enhancements (AL)
\c@float@type=\count282
\float@exts=\toks24
\float@box=\box53
\@float@everytoks=\toks25
\@floatcapt=\box54
) (C:\Users\Mihai\AppData\Local\Programs\MiKTeX\tex/latex/caption\caption.sty
Package: caption 2022/03/01 v3.6b Customizing captions (AR)
 (C:\Users\Mihai\AppData\Local\Programs\MiKTeX\tex/latex/caption\caption3.sty
Package: caption3 2022/03/17 v2.3b caption3 kernel (AR)
\caption@tempdima=\dimen156
\captionmargin=\dimen157
\caption@leftmargin=\dimen158
\caption@rightmargin=\dimen159
\caption@width=\dimen160
\caption@indent=\dimen161
\caption@parindent=\dimen162
\caption@hangindent=\dimen163
Package caption Info: Standard document class detected.
)
\c@caption@flags=\count283
\c@continuedfloat=\count284
Package caption Info: float package is loaded.
Package caption Info: hyperref package is loaded.
) (C:\Users\Mihai\AppData\Local\Programs\MiKTeX\tex/latex/ulem\ulem.sty
\UL@box=\box55
\UL@hyphenbox=\box56
\UL@skip=\skip62
\UL@hook=\toks26
\UL@height=\dimen164
\UL@pe=\count285
\UL@pixel=\dimen165
\ULC@box=\box57
Package: ulem 2019/11/18
\ULdepth=\dimen166
) (C:\Users\Mihai\AppData\Local\Programs\MiKTeX\tex/latex/tools\longtable.sty
Package: longtable 2021-09-01 v4.17 Multi-page Table package (DPC)
\LTleft=\skip63
\LTright=\skip64
\LTpre=\skip65
\LTpost=\skip66
\LTchunksize=\count286
\LTcapwidth=\dimen167
\LT@head=\box58
\LT@firsthead=\box59
\LT@foot=\box60
\LT@lastfoot=\box61
\LT@gbox=\box62
\LT@cols=\count287
\LT@rows=\count288
\c@LT@tables=\count289
\c@LT@chunks=\count290
\LT@p@ftn=\toks27
) (C:\Users\Mihai\AppData\Local\Programs\MiKTeX\tex/latex/comment\comment.sty
\CommentStream=\write3
 Excluding comment 'comment') (C:\Users\Mihai\AppData\Local\Programs\MiKTeX\tex/latex/tools\array.sty
Package: array 2022/03/10 v2.5f Tabular extension package (FMi)
\col@sep=\dimen168
\ar@mcellbox=\box63
\extrarowheight=\dimen169
\NC@list=\toks28
\extratabsurround=\skip67
\backup@length=\skip68
\ar@cellbox=\box64
) (C:\Users\Mihai\AppData\Local\Programs\MiKTeX\tex/generic/soul\soul.sty
Package: soul 2003/11/17 v2.4 letterspacing/underlining (mf)
\SOUL@word=\toks29
\SOUL@lasttoken=\toks30
\SOUL@cmds=\toks31
\SOUL@buffer=\toks32
\SOUL@token=\toks33
\SOUL@spaceskip=\skip69
\SOUL@ttwidth=\dimen170
\SOUL@uldp=\dimen171
\SOUL@ulht=\dimen172
) (C:\Users\Mihai\AppData\Local\Programs\MiKTeX\tex/latex/adjustbox\adjustbox.sty
Package: adjustbox 2020/08/19 v1.3 Adjusting TeX boxes (trim, clip, ...)
 (C:\Users\Mihai\AppData\Local\Programs\MiKTeX\tex/latex/xkeyval\xkeyval.sty
Package: xkeyval 2022/06/16 v2.9 package option processing (HA)
 (C:\Users\Mihai\AppData\Local\Programs\MiKTeX\tex/generic/xkeyval\xkeyval.tex (C:\Users\Mihai\AppData\Local\Programs\MiKTeX\tex/generic/xkeyval\xkvutils.tex
\XKV@toks=\toks34
\XKV@tempa@toks=\toks35
)
\XKV@depth=\count291
File: xkeyval.tex 2014/12/03 v2.7a key=value parser (HA)
)) (C:\Users\Mihai\AppData\Local\Programs\MiKTeX\tex/latex/adjustbox\adjcalc.sty
Package: adjcalc 2012/05/16 v1.1 Provides advanced setlength with multiple back-ends (calc, etex, pgfmath)
) (C:\Users\Mihai\AppData\Local\Programs\MiKTeX\tex/latex/adjustbox\trimclip.sty
Package: trimclip 2020/08/19 v1.2 Trim and clip general TeX material
 (C:\Users\Mihai\AppData\Local\Programs\MiKTeX\tex/latex/collectbox\collectbox.sty
Package: collectbox 2012/05/17 v0.4b Collect macro arguments as boxes
\collectedbox=\box65
)
\tc@llx=\dimen173
\tc@lly=\dimen174
\tc@urx=\dimen175
\tc@ury=\dimen176
Package trimclip Info: Using driver 'tc-pdftex.def'.
 (C:\Users\Mihai\AppData\Local\Programs\MiKTeX\tex/latex/adjustbox\tc-pdftex.def
File: tc-pdftex.def 2019/01/04 v2.2 Clipping driver for pdftex
))
\adjbox@Width=\dimen177
\adjbox@Height=\dimen178
\adjbox@Depth=\dimen179
\adjbox@Totalheight=\dimen180
\adjbox@pwidth=\dimen181
\adjbox@pheight=\dimen182
\adjbox@pdepth=\dimen183
\adjbox@ptotalheight=\dimen184
 (C:\Users\Mihai\AppData\Local\Programs\MiKTeX\tex/latex/ifoddpage\ifoddpage.sty
Package: ifoddpage 2016/04/23 v1.1 Conditionals for odd/even page detection
\c@checkoddpage=\count292
) (C:\Users\Mihai\AppData\Local\Programs\MiKTeX\tex/latex/varwidth\varwidth.sty
Package: varwidth 2009/03/30 ver 0.92;  Variable-width minipages
\@vwid@box=\box66
\sift@deathcycles=\count293
\@vwid@loff=\dimen185
\@vwid@roff=\dimen186
)) (C:\Users\Mihai\AppData\Local\Programs\MiKTeX\tex/latex/amsfonts\amssymb.sty
Package: amssymb 2013/01/14 v3.01 AMS font symbols
 (C:\Users\Mihai\AppData\Local\Programs\MiKTeX\tex/latex/amsfonts\amsfonts.sty
Package: amsfonts 2013/01/14 v3.01 Basic AMSFonts support
\symAMSa=\mathgroup4
\symAMSb=\mathgroup5
LaTeX Font Info:    Redeclaring math symbol \hbar on input line 98.
LaTeX Font Info:    Overwriting math alphabet `\mathfrak' in version `bold'
(Font)                  U/euf/m/n --> U/euf/b/n on input line 106.
)) (C:\Users\Mihai\AppData\Local\Programs\MiKTeX\tex/latex/zed-csp\zed-csp.sty
Package: zed-csp 95/01/11 0c zed-csp package
\c@mv@zed=\count294
LaTeX Font Info:    Overwriting math alphabet `\mathrm' in version `zed'
(Font)                  OT1/cmr/m/n --> OT1/cmr/m/n on input line 86.
LaTeX Font Info:    Overwriting math alphabet `\mathbf' in version `zed'
(Font)                  OT1/cmr/bx/n --> OT1/cmr/bx/n on input line 86.
LaTeX Font Info:    Overwriting math alphabet `\mathsf' in version `zed'
(Font)                  OT1/cmss/m/n --> OT1/cmss/m/n on input line 86.
\symitalics=\mathgroup6
LaTeX Font Info:    Redeclaring math alphabet \mathrm on input line 86.
LaTeX Font Info:    Redeclaring math alphabet \mathit on input line 86.
\symlasy=\mathgroup7
LaTeX Font Info:    Redeclaring symbol font `AMSa' on input line 86.
LaTeX Font Info:    Overwriting symbol font `AMSa' in version `normal'
(Font)                  U/msa/m/n --> U/msa/m/n on input line 86.
LaTeX Font Info:    Overwriting symbol font `AMSa' in version `bold'
(Font)                  U/msa/m/n --> U/msa/m/n on input line 86.
LaTeX Font Info:    Overwriting symbol font `AMSa' in version `zed'
(Font)                  U/msa/m/n --> U/msa/m/n on input line 86.
LaTeX Font Info:    Redeclaring symbol font `AMSb' on input line 86.
LaTeX Font Info:    Overwriting symbol font `AMSb' in version `normal'
(Font)                  U/msb/m/n --> U/msb/m/n on input line 86.
LaTeX Font Info:    Overwriting symbol font `AMSb' in version `bold'
(Font)                  U/msb/m/n --> U/msb/m/n on input line 86.
LaTeX Font Info:    Overwriting symbol font `AMSb' in version `zed'
(Font)                  U/msb/m/n --> U/msb/m/n on input line 86.
LaTeX Font Info:    Redeclaring math symbol \boxdot on input line 308.
LaTeX Font Info:    Redeclaring math symbol \boxplus on input line 308.
LaTeX Font Info:    Redeclaring math symbol \boxtimes on input line 308.
LaTeX Font Info:    Redeclaring math symbol \square on input line 308.
LaTeX Font Info:    Redeclaring math symbol \blacksquare on input line 308.
LaTeX Font Info:    Redeclaring math symbol \centerdot on input line 308.
LaTeX Font Info:    Redeclaring math symbol \lozenge on input line 308.
LaTeX Font Info:    Redeclaring math symbol \blacklozenge on input line 308.
LaTeX Font Info:    Redeclaring math symbol \circlearrowright on input line 308.
LaTeX Font Info:    Redeclaring math symbol \circlearrowleft on input line 308.
LaTeX Font Info:    Redeclaring math symbol \leftrightharpoons on input line 308.
LaTeX Font Info:    Redeclaring math symbol \boxminus on input line 308.
LaTeX Font Info:    Redeclaring math symbol \Vdash on input line 308.
LaTeX Font Info:    Redeclaring math symbol \Vvdash on input line 308.
LaTeX Font Info:    Redeclaring math symbol \vDash on input line 308.
LaTeX Font Info:    Redeclaring math symbol \twoheadrightarrow on input line 308.
LaTeX Font Info:    Redeclaring math symbol \twoheadleftarrow on input line 308.
LaTeX Font Info:    Redeclaring math symbol \leftleftarrows on input line 308.
LaTeX Font Info:    Redeclaring math symbol \rightrightarrows on input line 308.
LaTeX Font Info:    Redeclaring math symbol \upuparrows on input line 308.
LaTeX Font Info:    Redeclaring math symbol \downdownarrows on input line 308.
LaTeX Font Info:    Redeclaring math symbol \upharpoonright on input line 308.
LaTeX Font Info:    Redeclaring math symbol \downharpoonright on input line 308.
LaTeX Font Info:    Redeclaring math symbol \upharpoonleft on input line 308.
LaTeX Font Info:    Redeclaring math symbol \downharpoonleft on input line 308.
LaTeX Font Info:    Redeclaring math symbol \rightarrowtail on input line 308.
LaTeX Font Info:    Redeclaring math symbol \leftarrowtail on input line 308.
LaTeX Font Info:    Redeclaring math symbol \leftrightarrows on input line 308.
LaTeX Font Info:    Redeclaring math symbol \rightleftarrows on input line 308.
LaTeX Font Info:    Redeclaring math symbol \Lsh on input line 308.
LaTeX Font Info:    Redeclaring math symbol \Rsh on input line 308.
LaTeX Font Info:    Redeclaring math symbol \rightsquigarrow on input line 308.
LaTeX Font Info:    Redeclaring math symbol \leftrightsquigarrow on input line 308.
LaTeX Font Info:    Redeclaring math symbol \looparrowleft on input line 308.
LaTeX Font Info:    Redeclaring math symbol \looparrowright on input line 308.
LaTeX Font Info:    Redeclaring math symbol \circeq on input line 308.
LaTeX Font Info:    Redeclaring math symbol \succsim on input line 308.
LaTeX Font Info:    Redeclaring math symbol \gtrsim on input line 308.
LaTeX Font Info:    Redeclaring math symbol \gtrapprox on input line 308.
LaTeX Font Info:    Redeclaring math symbol \multimap on input line 308.
LaTeX Font Info:    Redeclaring math symbol \therefore on input line 308.
LaTeX Font Info:    Redeclaring math symbol \because on input line 308.
LaTeX Font Info:    Redeclaring math symbol \doteqdot on input line 308.
LaTeX Font Info:    Redeclaring math symbol \triangleq on input line 308.
LaTeX Font Info:    Redeclaring math symbol \precsim on input line 308.
LaTeX Font Info:    Redeclaring math symbol \lesssim on input line 308.
LaTeX Font Info:    Redeclaring math symbol \lessapprox on input line 308.
LaTeX Font Info:    Redeclaring math symbol \eqslantless on input line 308.
LaTeX Font Info:    Redeclaring math symbol \eqslantgtr on input line 308.
LaTeX Font Info:    Redeclaring math symbol \curlyeqprec on input line 308.
LaTeX Font Info:    Redeclaring math symbol \curlyeqsucc on input line 308.
LaTeX Font Info:    Redeclaring math symbol \preccurlyeq on input line 308.
LaTeX Font Info:    Redeclaring math symbol \leqq on input line 308.
LaTeX Font Info:    Redeclaring math symbol \leqslant on input line 308.
LaTeX Font Info:    Redeclaring math symbol \lessgtr on input line 308.
LaTeX Font Info:    Redeclaring math symbol \backprime on input line 308.
LaTeX Font Info:    Redeclaring math symbol \risingdotseq on input line 308.
LaTeX Font Info:    Redeclaring math symbol \fallingdotseq on input line 308.
LaTeX Font Info:    Redeclaring math symbol \succcurlyeq on input line 308.
LaTeX Font Info:    Redeclaring math symbol \geqq on input line 308.
LaTeX Font Info:    Redeclaring math symbol \geqslant on input line 308.
LaTeX Font Info:    Redeclaring math symbol \gtrless on input line 308.
LaTeX Font Info:    Redeclaring math symbol \sqsubset on input line 308.
LaTeX Font Info:    Redeclaring math symbol \sqsupset on input line 308.
LaTeX Font Info:    Redeclaring math symbol \vartriangleright on input line 308.
LaTeX Font Info:    Redeclaring math symbol \vartriangleleft on input line 308.
LaTeX Font Info:    Redeclaring math symbol \trianglerighteq on input line 308.
LaTeX Font Info:    Redeclaring math symbol \trianglelefteq on input line 308.
LaTeX Font Info:    Redeclaring math symbol \bigstar on input line 308.
LaTeX Font Info:    Redeclaring math symbol \between on input line 308.
LaTeX Font Info:    Redeclaring math symbol \blacktriangledown on input line 308.
LaTeX Font Info:    Redeclaring math symbol \blacktriangleright on input line 308.
LaTeX Font Info:    Redeclaring math symbol \blacktriangleleft on input line 308.
LaTeX Font Info:    Redeclaring math symbol \vartriangle on input line 308.
LaTeX Font Info:    Redeclaring math symbol \blacktriangle on input line 308.
LaTeX Font Info:    Redeclaring math symbol \triangledown on input line 308.
LaTeX Font Info:    Redeclaring math symbol \eqcirc on input line 308.
LaTeX Font Info:    Redeclaring math symbol \lesseqgtr on input line 308.
LaTeX Font Info:    Redeclaring math symbol \gtreqless on input line 308.
LaTeX Font Info:    Redeclaring math symbol \lesseqqgtr on input line 308.
LaTeX Font Info:    Redeclaring math symbol \gtreqqless on input line 308.
LaTeX Font Info:    Redeclaring math symbol \Rrightarrow on input line 308.
LaTeX Font Info:    Redeclaring math symbol \Lleftarrow on input line 308.
LaTeX Font Info:    Redeclaring math symbol \veebar on input line 308.
LaTeX Font Info:    Redeclaring math symbol \barwedge on input line 308.
LaTeX Font Info:    Redeclaring math symbol \doublebarwedge on input line 308.
LaTeX Font Info:    Redeclaring math symbol \measuredangle on input line 308.
LaTeX Font Info:    Redeclaring math symbol \sphericalangle on input line 308.
LaTeX Font Info:    Redeclaring math symbol \varpropto on input line 308.
LaTeX Font Info:    Redeclaring math symbol \smallsmile on input line 308.
LaTeX Font Info:    Redeclaring math symbol \smallfrown on input line 308.
LaTeX Font Info:    Redeclaring math symbol \Subset on input line 308.
LaTeX Font Info:    Redeclaring math symbol \Supset on input line 308.
LaTeX Font Info:    Redeclaring math symbol \Cup on input line 308.
LaTeX Font Info:    Redeclaring math symbol \Cap on input line 308.
LaTeX Font Info:    Redeclaring math symbol \curlywedge on input line 308.
LaTeX Font Info:    Redeclaring math symbol \curlyvee on input line 308.
LaTeX Font Info:    Redeclaring math symbol \leftthreetimes on input line 308.
LaTeX Font Info:    Redeclaring math symbol \rightthreetimes on input line 308.
LaTeX Font Info:    Redeclaring math symbol \subseteqq on input line 308.
LaTeX Font Info:    Redeclaring math symbol \supseteqq on input line 308.
LaTeX Font Info:    Redeclaring math symbol \bumpeq on input line 308.
LaTeX Font Info:    Redeclaring math symbol \Bumpeq on input line 308.
LaTeX Font Info:    Redeclaring math symbol \lll on input line 308.
LaTeX Font Info:    Redeclaring math symbol \ggg on input line 308.
LaTeX Font Info:    Redeclaring math delimiter \ulcorner on input line 308.
LaTeX Font Info:    Redeclaring math delimiter \urcorner on input line 308.
LaTeX Font Info:    Redeclaring math delimiter \llcorner on input line 308.
LaTeX Font Info:    Redeclaring math delimiter \lrcorner on input line 308.
LaTeX Font Info:    Redeclaring math symbol \circledS on input line 308.
LaTeX Font Info:    Redeclaring math symbol \pitchfork on input line 308.
LaTeX Font Info:    Redeclaring math symbol \dotplus on input line 308.
LaTeX Font Info:    Redeclaring math symbol \backsim on input line 308.
LaTeX Font Info:    Redeclaring math symbol \backsimeq on input line 308.
LaTeX Font Info:    Redeclaring math symbol \complement on input line 308.
LaTeX Font Info:    Redeclaring math symbol \intercal on input line 308.
LaTeX Font Info:    Redeclaring math symbol \circledcirc on input line 308.
LaTeX Font Info:    Redeclaring math symbol \circledast on input line 308.
LaTeX Font Info:    Redeclaring math symbol \circleddash on input line 308.
LaTeX Font Info:    Redeclaring math symbol \lvertneqq on input line 308.
LaTeX Font Info:    Redeclaring math symbol \gvertneqq on input line 308.
LaTeX Font Info:    Redeclaring math symbol \nleq on input line 308.
LaTeX Font Info:    Redeclaring math symbol \ngeq on input line 308.
LaTeX Font Info:    Redeclaring math symbol \nless on input line 308.
LaTeX Font Info:    Redeclaring math symbol \ngtr on input line 308.
LaTeX Font Info:    Redeclaring math symbol \nprec on input line 308.
LaTeX Font Info:    Redeclaring math symbol \nsucc on input line 308.
LaTeX Font Info:    Redeclaring math symbol \lneqq on input line 308.
LaTeX Font Info:    Redeclaring math symbol \gneqq on input line 308.
LaTeX Font Info:    Redeclaring math symbol \nleqslant on input line 308.
LaTeX Font Info:    Redeclaring math symbol \ngeqslant on input line 308.
LaTeX Font Info:    Redeclaring math symbol \lneq on input line 308.
LaTeX Font Info:    Redeclaring math symbol \gneq on input line 308.
LaTeX Font Info:    Redeclaring math symbol \npreceq on input line 308.
LaTeX Font Info:    Redeclaring math symbol \nsucceq on input line 308.
LaTeX Font Info:    Redeclaring math symbol \precnsim on input line 308.
LaTeX Font Info:    Redeclaring math symbol \succnsim on input line 308.
LaTeX Font Info:    Redeclaring math symbol \lnsim on input line 308.
LaTeX Font Info:    Redeclaring math symbol \gnsim on input line 308.
LaTeX Font Info:    Redeclaring math symbol \nleqq on input line 308.
LaTeX Font Info:    Redeclaring math symbol \ngeqq on input line 308.
LaTeX Font Info:    Redeclaring math symbol \precneqq on input line 308.
LaTeX Font Info:    Redeclaring math symbol \succneqq on input line 308.
LaTeX Font Info:    Redeclaring math symbol \precnapprox on input line 308.
LaTeX Font Info:    Redeclaring math symbol \succnapprox on input line 308.
LaTeX Font Info:    Redeclaring math symbol \lnapprox on input line 308.
LaTeX Font Info:    Redeclaring math symbol \gnapprox on input line 308.
LaTeX Font Info:    Redeclaring math symbol \nsim on input line 308.
LaTeX Font Info:    Redeclaring math symbol \ncong on input line 308.
LaTeX Font Info:    Redeclaring math symbol \varsubsetneq on input line 308.
LaTeX Font Info:    Redeclaring math symbol \varsupsetneq on input line 308.
LaTeX Font Info:    Redeclaring math symbol \nsubseteqq on input line 308.
LaTeX Font Info:    Redeclaring math symbol \nsupseteqq on input line 308.
LaTeX Font Info:    Redeclaring math symbol \subsetneqq on input line 308.
LaTeX Font Info:    Redeclaring math symbol \supsetneqq on input line 308.
LaTeX Font Info:    Redeclaring math symbol \varsubsetneqq on input line 308.
LaTeX Font Info:    Redeclaring math symbol \varsupsetneqq on input line 308.
LaTeX Font Info:    Redeclaring math symbol \subsetneq on input line 308.
LaTeX Font Info:    Redeclaring math symbol \supsetneq on input line 308.
LaTeX Font Info:    Redeclaring math symbol \nsubseteq on input line 308.
LaTeX Font Info:    Redeclaring math symbol \nsupseteq on input line 308.
LaTeX Font Info:    Redeclaring math symbol \nparallel on input line 308.
LaTeX Font Info:    Redeclaring math symbol \nmid on input line 308.
LaTeX Font Info:    Redeclaring math symbol \nshortmid on input line 308.
LaTeX Font Info:    Redeclaring math symbol \nshortparallel on input line 308.
LaTeX Font Info:    Redeclaring math symbol \nvdash on input line 308.
LaTeX Font Info:    Redeclaring math symbol \nVdash on input line 308.
LaTeX Font Info:    Redeclaring math symbol \nvDash on input line 308.
LaTeX Font Info:    Redeclaring math symbol \nVDash on input line 308.
LaTeX Font Info:    Redeclaring math symbol \ntrianglerighteq on input line 308.
LaTeX Font Info:    Redeclaring math symbol \ntrianglelefteq on input line 308.
LaTeX Font Info:    Redeclaring math symbol \ntriangleleft on input line 308.
LaTeX Font Info:    Redeclaring math symbol \ntriangleright on input line 308.
LaTeX Font Info:    Redeclaring math symbol \nleftarrow on input line 308.
LaTeX Font Info:    Redeclaring math symbol \nrightarrow on input line 308.
LaTeX Font Info:    Redeclaring math symbol \nLeftarrow on input line 308.
LaTeX Font Info:    Redeclaring math symbol \nRightarrow on input line 308.
LaTeX Font Info:    Redeclaring math symbol \nLeftrightarrow on input line 308.
LaTeX Font Info:    Redeclaring math symbol \nleftrightarrow on input line 308.
LaTeX Font Info:    Redeclaring math symbol \divideontimes on input line 308.
LaTeX Font Info:    Redeclaring math symbol \varnothing on input line 308.
LaTeX Font Info:    Redeclaring math symbol \mho on input line 308.
LaTeX Font Info:    Redeclaring math symbol \eth on input line 308.
LaTeX Font Info:    Redeclaring math symbol \eqsim on input line 308.
LaTeX Font Info:    Redeclaring math symbol \beth on input line 308.
LaTeX Font Info:    Redeclaring math symbol \gimel on input line 308.
LaTeX Font Info:    Redeclaring math symbol \daleth on input line 308.
LaTeX Font Info:    Redeclaring math symbol \lessdot on input line 308.
LaTeX Font Info:    Redeclaring math symbol \gtrdot on input line 308.
LaTeX Font Info:    Redeclaring math symbol \ltimes on input line 308.
LaTeX Font Info:    Redeclaring math symbol \rtimes on input line 308.
LaTeX Font Info:    Redeclaring math symbol \shortmid on input line 308.
LaTeX Font Info:    Redeclaring math symbol \shortparallel on input line 308.
LaTeX Font Info:    Redeclaring math symbol \smallsetminus on input line 308.
LaTeX Font Info:    Redeclaring math symbol \thicksim on input line 308.
LaTeX Font Info:    Redeclaring math symbol \thickapprox on input line 308.
LaTeX Font Info:    Redeclaring math symbol \approxeq on input line 308.
LaTeX Font Info:    Redeclaring math symbol \succapprox on input line 308.
LaTeX Font Info:    Redeclaring math symbol \precapprox on input line 308.
LaTeX Font Info:    Redeclaring math symbol \curvearrowleft on input line 308.
LaTeX Font Info:    Redeclaring math symbol \curvearrowright on input line 308.
LaTeX Font Info:    Redeclaring math symbol \digamma on input line 308.
LaTeX Font Info:    Redeclaring math symbol \varkappa on input line 308.
LaTeX Font Info:    Redeclaring math symbol \hslash on input line 308.
LaTeX Font Info:    Redeclaring math symbol \hbar on input line 308.
LaTeX Font Info:    Redeclaring math symbol \backepsilon on input line 308.
\zedindent=\dimen187
\zedleftsep=\dimen188
\zedtab=\dimen189
\zedbar=\dimen190
\zedskip=\skip70
\interzedlinepenalty=\count295
\preboxpenalty=\count296
) (C:\Users\Mihai\AppData\Local\Programs\MiKTeX\tex/latex/geometry\geometry.sty
Package: geometry 2020/01/02 v5.9 Page Geometry
 (C:\Users\Mihai\AppData\Local\Programs\MiKTeX\tex/generic/iftex\ifvtex.sty
Package: ifvtex 2019/10/25 v1.7 ifvtex legacy package. Use iftex instead.
)
\Gm@cnth=\count297
\Gm@cntv=\count298
\c@Gm@tempcnt=\count299
\Gm@bindingoffset=\dimen191
\Gm@wd@mp=\dimen192
\Gm@odd@mp=\dimen193
\Gm@even@mp=\dimen194
\Gm@layoutwidth=\dimen195
\Gm@layoutheight=\dimen196
\Gm@layouthoffset=\dimen197
\Gm@layoutvoffset=\dimen198
\Gm@dimlist=\toks36
 (C:\Users\Mihai\AppData\Local\Programs\MiKTeX\tex/latex/geometry\geometry.cfg)) (C:\Users\Mihai\AppData\Local\Programs\MiKTeX\tex/latex/csquotes\csquotes.sty
Package: csquotes 2022-09-14 v5.2n context-sensitive quotations (JAW)
 (C:\Users\Mihai\AppData\Local\Programs\MiKTeX\tex/latex/etoolbox\etoolbox.sty
Package: etoolbox 2020/10/05 v2.5k e-TeX tools for LaTeX (JAW)
\etb@tempcnta=\count300
)
\csq@reset=\count301
\csq@gtype=\count302
\csq@glevel=\count303
\csq@qlevel=\count304
\csq@maxlvl=\count305
\csq@tshold=\count306
\csq@ltx@everypar=\toks37
 (C:\Users\Mihai\AppData\Local\Programs\MiKTeX\tex/latex/csquotes\csquotes.def
File: csquotes.def 2022-09-14 v5.2n csquotes generic definitions (JAW)
)
Package csquotes Info: Trying to load configuration file 'csquotes.cfg'...
Package csquotes Info: ... configuration file loaded successfully.
 (C:\Users\Mihai\AppData\Local\Programs\MiKTeX\tex/latex/csquotes\csquotes.cfg
File: csquotes.cfg 
)) (C:\Users\Mihai\AppData\Local\Programs\MiKTeX\tex/generic/babel\babel.sty
Package: babel 2022/10/04 3.81 The Babel package
\babel@savecnt=\count307
\U@D=\dimen199
\l@unhyphenated=\language79
 (C:\Users\Mihai\AppData\Local\Programs\MiKTeX\tex/generic/babel\txtbabel.def)
\bbl@readstream=\read2
\bbl@dirlevel=\count308

*************************************
* Local config file bblopts.cfg used
*
(C:\Users\Mihai\AppData\Local\Programs\MiKTeX\tex/latex/arabi\bblopts.cfg
File: bblopts.cfg 2005/09/08 v0.1 add Arabic and Farsi to "declared" options of babel
) (C:\Users\Mihai\AppData\Local\Programs\MiKTeX\tex/latex/babel-english\english.ldf
Language: english 2017/06/06 v3.3r English support from the babel system
Package babel Info: Hyphen rules for 'canadian' set to \l@english
(babel)             (\language0). Reported on input line 102.
Package babel Info: Hyphen rules for 'australian' set to \l@ukenglish
(babel)             (\language73). Reported on input line 105.
Package babel Info: Hyphen rules for 'newzealand' set to \l@ukenglish
(babel)             (\language73). Reported on input line 108.
)) (C:\Users\Mihai\AppData\Local\Programs\MiKTeX\tex/generic/babel/locale/en\babel-english.tex
Package babel Info: Importing font and identification data for english
(babel)             from babel-en.ini. Reported on input line 11.
) (C:\Users\Mihai\AppData\Local\Programs\MiKTeX\tex/latex/biblatex\biblatex.sty
Package: biblatex 2022/07/12 v3.18b programmable bibliographies (PK/MW)
 (C:\Users\Mihai\AppData\Local\Programs\MiKTeX\tex/latex/logreq\logreq.sty
Package: logreq 2010/08/04 v1.0 xml request logger
\lrq@indent=\count309
 (C:\Users\Mihai\AppData\Local\Programs\MiKTeX\tex/latex/logreq\logreq.def
File: logreq.def 2010/08/04 v1.0 logreq spec v1.0
)) (C:\Users\Mihai\AppData\Local\Programs\MiKTeX\tex/latex/base\ifthen.sty
Package: ifthen 2022/04/13 v1.1d Standard LaTeX ifthen package (DPC)
)
\c@tabx@nest=\count310
\c@listtotal=\count311
\c@listcount=\count312
\c@liststart=\count313
\c@liststop=\count314
\c@citecount=\count315
\c@citetotal=\count316
\c@multicitecount=\count317
\c@multicitetotal=\count318
\c@instcount=\count319
\c@maxnames=\count320
\c@minnames=\count321
\c@maxitems=\count322
\c@minitems=\count323
\c@citecounter=\count324
\c@maxcitecounter=\count325
\c@savedcitecounter=\count326
\c@uniquelist=\count327
\c@uniquename=\count328
\c@refsection=\count329
\c@refsegment=\count330
\c@maxextratitle=\count331
\c@maxextratitleyear=\count332
\c@maxextraname=\count333
\c@maxextradate=\count334
\c@maxextraalpha=\count335
\c@abbrvpenalty=\count336
\c@highnamepenalty=\count337
\c@lownamepenalty=\count338
\c@maxparens=\count339
\c@parenlevel=\count340
\blx@tempcnta=\count341
\blx@tempcntb=\count342
\blx@tempcntc=\count343
\c@blx@maxsection=\count344
\blx@maxsegment@0=\count345
\blx@notetype=\count346
\blx@parenlevel@text=\count347
\blx@parenlevel@foot=\count348
\blx@sectionciteorder@0=\count349
\blx@sectionciteorderinternal@0=\count350
\blx@entrysetcounter=\count351
\blx@biblioinstance=\count352
\labelnumberwidth=\skip71
\labelalphawidth=\skip72
\biblabelsep=\skip73
\bibitemsep=\skip74
\bibnamesep=\skip75
\bibinitsep=\skip76
\bibparsep=\skip77
\bibhang=\skip78
\blx@bcfin=\read3
\blx@bcfout=\write4
\blx@langwohyphens=\language80
\c@mincomprange=\count353
\c@maxcomprange=\count354
\c@mincompwidth=\count355
Package biblatex Info: Trying to load biblatex default data model...
Package biblatex Info: ... file 'blx-dm.def' found.
 (C:\Users\Mihai\AppData\Local\Programs\MiKTeX\tex/latex/biblatex\blx-dm.def
File: blx-dm.def 2022/07/12 v3.18b biblatex localization (PK/MW)
)
Package biblatex Info: Trying to load biblatex style data model...
Package biblatex Info: ... file 'authoryear-ibid.dbx' not found.
Package biblatex Info: Trying to load biblatex custom data model...
Package biblatex Info: ... file 'biblatex-dm.cfg' not found.
\c@afterword=\count356
\c@savedafterword=\count357
\c@annotator=\count358
\c@savedannotator=\count359
\c@author=\count360
\c@savedauthor=\count361
\c@bookauthor=\count362
\c@savedbookauthor=\count363
\c@commentator=\count364
\c@savedcommentator=\count365
\c@editor=\count366
\c@savededitor=\count367
\c@editora=\count368
\c@savededitora=\count369
\c@editorb=\count370
\c@savededitorb=\count371
\c@editorc=\count372
\c@savededitorc=\count373
\c@foreword=\count374
\c@savedforeword=\count375
\c@holder=\count376
\c@savedholder=\count377
\c@introduction=\count378
\c@savedintroduction=\count379
\c@namea=\count380
\c@savednamea=\count381
\c@nameb=\count382
\c@savednameb=\count383
\c@namec=\count384
\c@savednamec=\count385
\c@translator=\count386
\c@savedtranslator=\count387
\c@shortauthor=\count388
\c@savedshortauthor=\count389
\c@shorteditor=\count390
\c@savedshorteditor=\count391
\c@labelname=\count392
\c@savedlabelname=\count393
\c@institution=\count394
\c@savedinstitution=\count395
\c@lista=\count396
\c@savedlista=\count397
\c@listb=\count398
\c@savedlistb=\count399
\c@listc=\count400
\c@savedlistc=\count401
\c@listd=\count402
\c@savedlistd=\count403
\c@liste=\count404
\c@savedliste=\count405
\c@listf=\count406
\c@savedlistf=\count407
\c@location=\count408
\c@savedlocation=\count409
\c@organization=\count410
\c@savedorganization=\count411
\c@origlocation=\count412
\c@savedoriglocation=\count413
\c@origpublisher=\count414
\c@savedorigpublisher=\count415
\c@publisher=\count416
\c@savedpublisher=\count417
\c@language=\count418
\c@savedlanguage=\count419
\c@origlanguage=\count420
\c@savedoriglanguage=\count421
\c@pageref=\count422
\c@savedpageref=\count423
\shorthandwidth=\skip79
\shortjournalwidth=\skip80
\shortserieswidth=\skip81
\shorttitlewidth=\skip82
\shortauthorwidth=\skip83
\shorteditorwidth=\skip84
\locallabelnumberwidth=\skip85
\locallabelalphawidth=\skip86
\localshorthandwidth=\skip87
\localshortjournalwidth=\skip88
\localshortserieswidth=\skip89
\localshorttitlewidth=\skip90
\localshortauthorwidth=\skip91
\localshorteditorwidth=\skip92
Package biblatex Info: Trying to load compatibility code...
Package biblatex Info: ... file 'blx-compat.def' found.
 (C:\Users\Mihai\AppData\Local\Programs\MiKTeX\tex/latex/biblatex\blx-compat.def
File: blx-compat.def 2022/07/12 v3.18b biblatex compatibility (PK/MW)
)
Package biblatex Info: Trying to load generic definitions...
Package biblatex Info: ... file 'biblatex.def' found.
 (C:\Users\Mihai\AppData\Local\Programs\MiKTeX\tex/latex/biblatex\biblatex.def
File: biblatex.def 2022/07/12 v3.18b biblatex compatibility (PK/MW)
\c@textcitecount=\count424
\c@textcitetotal=\count425
\c@textcitemaxnames=\count426
\c@biburlbigbreakpenalty=\count427
\c@biburlbreakpenalty=\count428
\c@biburlnumpenalty=\count429
\c@biburlucpenalty=\count430
\c@biburllcpenalty=\count431
\biburlbigskip=\muskip18
\biburlnumskip=\muskip19
\biburlucskip=\muskip20
\biburllcskip=\muskip21
\c@smartand=\count432
)
Package biblatex Info: Trying to load bibliography style 'authoryear-ibid'...
Package biblatex Info: ... file 'authoryear-ibid.bbx' found.
 (C:\Users\Mihai\AppData\Local\Programs\MiKTeX\tex/latex/biblatex/bbx\authoryear-ibid.bbx
File: authoryear-ibid.bbx 2022/07/12 v3.18b biblatex bibliography style (PK/MW)
Package biblatex Info: Trying to load bibliography style 'authoryear'...
Package biblatex Info: ... file 'authoryear.bbx' found.
 (C:\Users\Mihai\AppData\Local\Programs\MiKTeX\tex/latex/biblatex/bbx\authoryear.bbx
File: authoryear.bbx 2022/07/12 v3.18b biblatex bibliography style (PK/MW)
Package biblatex Info: Trying to load bibliography style 'standard'...
Package biblatex Info: ... file 'standard.bbx' found.
 (C:\Users\Mihai\AppData\Local\Programs\MiKTeX\tex/latex/biblatex/bbx\standard.bbx
File: standard.bbx 2022/07/12 v3.18b biblatex bibliography style (PK/MW)
\c@bbx:relatedcount=\count433
\c@bbx:relatedtotal=\count434
)))
Package biblatex Info: Trying to load citation style 'authoryear-ibid'...
Package biblatex Info: ... file 'authoryear-ibid.cbx' found.
 (C:\Users\Mihai\AppData\Local\Programs\MiKTeX\tex/latex/biblatex/cbx\authoryear-ibid.cbx
File: authoryear-ibid.cbx 2022/07/12 v3.18b biblatex citation style (PK/MW)
Package biblatex Info: Redefining '\cite'.
Package biblatex Info: Redefining '\parencite'.
Package biblatex Info: Redefining '\footcite'.
Package biblatex Info: Redefining '\footcitetext'.
Package biblatex Info: Redefining '\smartcite'.
Package biblatex Info: Redefining '\textcite'.
Package biblatex Info: Redefining '\textcites'.
)
Package biblatex Info: Trying to load configuration file...
Package biblatex Info: ... file 'biblatex.cfg' found.
 (C:\Users\Mihai\AppData\Local\Programs\MiKTeX\tex/latex/biblatex\biblatex.cfg
File: biblatex.cfg 
)
Package biblatex Info: Input encoding 'utf8' detected.
Package biblatex Info: Document encoding is UTF8 ....
 (C:\Users\Mihai\AppData\Local\Programs\MiKTeX\tex/latex/l3kernel\expl3.sty
Package: expl3 2022-09-28 L3 programming layer (loader) 
 (C:\Users\Mihai\AppData\Local\Programs\MiKTeX\tex/latex/l3backend\l3backend-pdftex.def
File: l3backend-pdftex.def 2022-09-28 L3 backend support: PDF output (pdfTeX)
\l__color_backend_stack_int=\count435
\l__pdf_internal_box=\box67
))
Package biblatex Info: ... and expl3
(biblatex)             2022-09-28 L3 programming layer (loader) 
(biblatex)             is new enough (at least 2020/04/06),
(biblatex)             setting 'casechanger=expl3'.
 (C:\Users\Mihai\AppData\Local\Programs\MiKTeX\tex/latex/biblatex\blx-case-expl3.sty (C:\Users\Mihai\AppData\Local\Programs\MiKTeX\tex/latex/l3packages/xparse\xparse.sty
Package: xparse 2022-06-22 L3 Experimental document command parser
)
Package: blx-case-expl3 2022/07/12 v3.18b expl3 case changing code for biblatex
))
Package hyperref Info: Option `colorlinks' set `true' on input line 40.
Package csquotes Info: Checking for multilingual support...
Package csquotes Info: ... found 'babel' package.
Package csquotes Info: Adjusting default style.
Package csquotes Info: Redefining alias 'default' -> 'english'.
 (Report.aux (Sections/Section1/section1.aux) (Sections/Domain_Description/domain_description.aux

LaTeX Warning: Label `Section label' multiply defined.


LaTeX Warning: Label `subsection' multiply defined.

) (Sections/Problem_Definition/problem_definition.aux

LaTeX Warning: Label `Section label' multiply defined.


LaTeX Warning: Label `subsection' multiply defined.

) (Sections/Literature_Review/literature_review.aux

LaTeX Warning: Label `Section label' multiply defined.


LaTeX Warning: Label `subsection' multiply defined.

) (Sections/Dataset_Description/dataset_description.aux

LaTeX Warning: Label `Section label' multiply defined.


LaTeX Warning: Label `subsection' multiply defined.

) (Sections/Dataset_Pre-processing/dataset_pre-processing.aux

LaTeX Warning: Label `Section label' multiply defined.


LaTeX Warning: Label `subsection' multiply defined.

) (Sections/Experiments/experiments.aux

LaTeX Warning: Label `Section label' multiply defined.


LaTeX Warning: Label `subsection' multiply defined.

) (Sections/Analysis_Results_Conclusions/analysis_results_conclusions.aux

LaTeX Warning: Label `Section label' multiply defined.


LaTeX Warning: Label `subsection' multiply defined.

) (Sections/References/references.aux

LaTeX Warning: Label `Section label' multiply defined.


LaTeX Warning: Label `subsection' multiply defined.

))
\openout1 = `Report.aux'.

LaTeX Font Info:    Checking defaults for OML/cmm/m/it on input line 58.
LaTeX Font Info:    ... okay on input line 58.
LaTeX Font Info:    Checking defaults for OMS/cmsy/m/n on input line 58.
LaTeX Font Info:    ... okay on input line 58.
LaTeX Font Info:    Checking defaults for OT1/cmr/m/n on input line 58.
LaTeX Font Info:    ... okay on input line 58.
LaTeX Font Info:    Checking defaults for T1/cmr/m/n on input line 58.
LaTeX Font Info:    ... okay on input line 58.
LaTeX Font Info:    Checking defaults for TS1/cmr/m/n on input line 58.
LaTeX Font Info:    ... okay on input line 58.
LaTeX Font Info:    Checking defaults for OMX/cmex/m/n on input line 58.
LaTeX Font Info:    ... okay on input line 58.
LaTeX Font Info:    Checking defaults for U/cmr/m/n on input line 58.
LaTeX Font Info:    ... okay on input line 58.
LaTeX Font Info:    Checking defaults for PD1/pdf/m/n on input line 58.
LaTeX Font Info:    ... okay on input line 58.
LaTeX Font Info:    Checking defaults for PU/pdf/m/n on input line 58.
LaTeX Font Info:    ... okay on input line 58.
 (C:\Users\Mihai\AppData\Local\Programs\MiKTeX\tex/context/base/mkii\supp-pdf.mkii
[Loading MPS to PDF converter (version 2006.09.02).]
\scratchcounter=\count436
\scratchdimen=\dimen256
\scratchbox=\box68
\nofMPsegments=\count437
\nofMParguments=\count438
\everyMPshowfont=\toks38
\MPscratchCnt=\count439
\MPscratchDim=\dimen257
\MPnumerator=\count440
\makeMPintoPDFobject=\count441
\everyMPtoPDFconversion=\toks39
) (C:\Users\Mihai\AppData\Local\Programs\MiKTeX\tex/latex/epstopdf-pkg\epstopdf-base.sty
Package: epstopdf-base 2020-01-24 v2.11 Base part for package epstopdf
Package epstopdf-base Info: Redefining graphics rule for `.eps' on input line 485.
 (C:\Users\Mihai\AppData\Local\Programs\MiKTeX\tex/latex/00miktex\epstopdf-sys.cfg
File: epstopdf-sys.cfg 2021/03/18 v2.0 Configuration of epstopdf for MiKTeX
)) (C:\Users\Mihai\AppData\Local\Programs\MiKTeX\tex/latex/graphics\color.sty
Package: color 2022/01/06 v1.3d Standard LaTeX Color (DPC)
 (C:\Users\Mihai\AppData\Local\Programs\MiKTeX\tex/latex/graphics-cfg\color.cfg
File: color.cfg 2016/01/02 v1.6 sample color configuration
)
Package color Info: Driver file: pdftex.def on input line 149.
 (C:\Users\Mihai\AppData\Local\Programs\MiKTeX\tex/latex/graphics\mathcolor.ltx))
Package hyperref Info: Link coloring ON on input line 58.
 (Report.out) (Report.out)
\@outlinefile=\write5
\openout5 = `Report.out'.

Package caption Info: Begin \AtBeginDocument code.
Package caption Info: longtable package is loaded.
 (C:\Users\Mihai\AppData\Local\Programs\MiKTeX\tex/latex/caption\ltcaption.sty
Package: ltcaption 2021/01/08 v1.4c longtable captions (AR)
)
Package caption Info: End \AtBeginDocument code.

*geometry* driver: auto-detecting
*geometry* detected driver: pdftex
*geometry* verbose mode - [ preamble ] result:
* driver: pdftex
* paper: <default>
* layout: <same size as paper>
* layoutoffset:(h,v)=(0.0pt,0.0pt)
* modes: 
* h-part:(L,W,R)=(92.14519pt, 430.00462pt, 92.14519pt)
* v-part:(T,H,B)=(95.39737pt, 556.47656pt, 143.09605pt)
* \paperwidth=614.295pt
* \paperheight=794.96999pt
* \textwidth=430.00462pt
* \textheight=556.47656pt
* \oddsidemargin=19.8752pt
* \evensidemargin=19.8752pt
* \topmargin=-13.87262pt
* \headheight=12.0pt
* \headsep=25.0pt
* \topskip=12.0pt
* \footskip=30.0pt
* \marginparwidth=44.0pt
* \marginparsep=10.0pt
* \columnsep=10.0pt
* \skip\footins=10.8pt plus 4.0pt minus 2.0pt
* \hoffset=0.0pt
* \voffset=0.0pt
* \mag=1000
* \@twocolumnfalse
* \@twosidefalse
* \@mparswitchfalse
* \@reversemarginfalse
* (1in=72.27pt=25.4mm, 1cm=28.453pt)

Package biblatex Info: Trying to load language 'english'...
Package biblatex Info: ... file 'english.lbx' found.
(C:\Users\Mihai\AppData\Local\Programs\MiKTeX\tex/latex/biblatex/lbx\english.lbx
File: english.lbx 2022/07/12 v3.18b biblatex localization (PK/MW)
)
Package biblatex Info: Input encoding 'utf8' detected.
Package biblatex Info: Automatic encoding selection.
(biblatex)             Assuming data encoding 'utf8'.
\openout4 = `Report.bcf'.

Package biblatex Info: Trying to load bibliographic data...
Package biblatex Info: ... file 'Report.bbl' found.
 (Report.bbl)
Package biblatex Info: Reference section=0 on input line 58.
Package biblatex Info: Reference segment=0 on input line 58.
<images//logo.png, id=75, 439.4016pt x 408.0846pt>
File: images//logo.png Graphic file (type png)
<use images//logo.png>
Package pdftex.def Info: images//logo.png  used on input line 83.
(pdftex.def)             Requested size: 215.0023pt x 199.68298pt.
 [1

{C:/Users/Mihai/AppData/Local/MiKTeX/fonts/map/pdftex/pdftex.map} <./images//logo.png>]
*geometry* verbose mode - [ newgeometry ] result:
* driver: pdftex
* paper: <default>
* layout: <same size as paper>
* layoutoffset:(h,v)=(0.0pt,0.0pt)
* modes: 
* h-part:(L,W,R)=(92.14519pt, 430.00462pt, 92.14519pt)
* v-part:(T,H,B)=(110.0pt, 589.57262pt, 95.39737pt)
* \paperwidth=614.295pt
* \paperheight=794.96999pt
* \textwidth=430.00462pt
* \textheight=589.57262pt
* \oddsidemargin=19.8752pt
* \evensidemargin=19.8752pt
* \topmargin=0.73001pt
* \headheight=12.0pt
* \headsep=25.0pt
* \topskip=12.0pt
* \footskip=30.0pt
* \marginparwidth=44.0pt
* \marginparsep=10.0pt
* \columnsep=10.0pt
* \skip\footins=10.8pt plus 4.0pt minus 2.0pt
* \hoffset=0.0pt
* \voffset=0.0pt
* \mag=1000
* \@twocolumnfalse
* \@twosidefalse
* \@mparswitchfalse
* \@reversemarginfalse
* (1in=72.27pt=25.4mm, 1cm=28.453pt)

 (Report.toc
LaTeX Font Info:    Trying to load font information for U+msa on input line 3.
 (C:\Users\Mihai\AppData\Local\Programs\MiKTeX\tex/latex/amsfonts\umsa.fd
File: umsa.fd 2013/01/14 v3.01 AMS symbols A
)
LaTeX Font Info:    Trying to load font information for U+msb on input line 3.
 (C:\Users\Mihai\AppData\Local\Programs\MiKTeX\tex/latex/amsfonts\umsb.fd
File: umsb.fd 2013/01/14 v3.01 AMS symbols B
)
LaTeX Font Info:    Trying to load font information for U+lasy on input line 3.
 (C:\Users\Mihai\AppData\Local\Programs\MiKTeX\tex/latex/base\ulasy.fd
File: ulasy.fd 1998/08/17 v2.2e LaTeX symbol font definitions
))
\tf@toc=\write6
\openout6 = `Report.toc'.

 (Report.lot)
\tf@lot=\write7
\openout7 = `Report.lot'.

 (Report.lof)
\tf@lof=\write8
\openout8 = `Report.lof'.

<images//header.jpg, id=105, 4366.3125pt x 1210.5225pt>
File: images//header.jpg Graphic file (type jpg)
<use images//header.jpg>
Package pdftex.def Info: images//header.jpg  used on input line 108.
(pdftex.def)             Requested size: 93.89418pt x 26.02573pt.


Package fancyhdr Warning: \headheight is too small (12.0pt): 
(fancyhdr)                Make it at least 30.37576pt, for example:
(fancyhdr)                \setlength{\headheight}{30.37576pt}.
(fancyhdr)                You might also make \topmargin smaller to compensate:
(fancyhdr)                \addtolength{\topmargin}{-18.37576pt}.


pdfTeX warning (ext4): destination with the same identifier (name{page.1}) has been already used, duplicate ignored
<to be read again> 
                   \relax 
l.108 \newpage
               [1

 <./images//header.jpg>]
File: images//header.jpg Graphic file (type jpg)
<use images//header.jpg>
Package pdftex.def Info: images//header.jpg  used on input line 114.
(pdftex.def)             Requested size: 93.89418pt x 26.02573pt.


Package fancyhdr Warning: \headheight is too small (12.0pt): 
(fancyhdr)                Make it at least 30.37576pt, for example:
(fancyhdr)                \setlength{\headheight}{30.37576pt}.
(fancyhdr)                You might also make \topmargin smaller to compensate:
(fancyhdr)                \addtolength{\topmargin}{-18.37576pt}.

[2]
\openout2 = `Sections/Section1/section1.aux'.

 (Sections/Section1/section1.tex)
File: images//header.jpg Graphic file (type jpg)
<use images//header.jpg>
Package pdftex.def Info: images//header.jpg  used on input line 114.
(pdftex.def)             Requested size: 93.89418pt x 26.02573pt.


Package fancyhdr Warning: \headheight is too small (12.0pt): 
(fancyhdr)                Make it at least 30.37576pt, for example:
(fancyhdr)                \setlength{\headheight}{30.37576pt}.
(fancyhdr)                You might also make \topmargin smaller to compensate:
(fancyhdr)                \addtolength{\topmargin}{-18.37576pt}.

[3

]
\openout2 = `Sections/Domain_Description/domain_description.aux'.

 (Sections/Domain_Description/domain_description.tex)
File: images//header.jpg Graphic file (type jpg)
<use images//header.jpg>
Package pdftex.def Info: images//header.jpg  used on input line 115.
(pdftex.def)             Requested size: 93.89418pt x 26.02573pt.


Package fancyhdr Warning: \headheight is too small (12.0pt): 
(fancyhdr)                Make it at least 30.37576pt, for example:
(fancyhdr)                \setlength{\headheight}{30.37576pt}.
(fancyhdr)                You might also make \topmargin smaller to compensate:
(fancyhdr)                \addtolength{\topmargin}{-18.37576pt}.

[4



]
\openout2 = `Sections/Problem_Definition/problem_definition.aux'.

 (Sections/Problem_Definition/problem_definition.tex)
File: images//header.jpg Graphic file (type jpg)
<use images//header.jpg>
Package pdftex.def Info: images//header.jpg  used on input line 116.
(pdftex.def)             Requested size: 93.89418pt x 26.02573pt.


Package fancyhdr Warning: \headheight is too small (12.0pt): 
(fancyhdr)                Make it at least 30.37576pt, for example:
(fancyhdr)                \setlength{\headheight}{30.37576pt}.
(fancyhdr)                You might also make \topmargin smaller to compensate:
(fancyhdr)                \addtolength{\topmargin}{-18.37576pt}.

[5



]
\openout2 = `Sections/Literature_Review/literature_review.aux'.

 (Sections/Literature_Review/literature_review.tex)
File: images//header.jpg Graphic file (type jpg)
<use images//header.jpg>
Package pdftex.def Info: images//header.jpg  used on input line 117.
(pdftex.def)             Requested size: 93.89418pt x 26.02573pt.


Package fancyhdr Warning: \headheight is too small (12.0pt): 
(fancyhdr)                Make it at least 30.37576pt, for example:
(fancyhdr)                \setlength{\headheight}{30.37576pt}.
(fancyhdr)                You might also make \topmargin smaller to compensate:
(fancyhdr)                \addtolength{\topmargin}{-18.37576pt}.

[6



]
\openout2 = `Sections/Dataset_Description/dataset_description.aux'.

 (Sections/Dataset_Description/dataset_description.tex)
File: images//header.jpg Graphic file (type jpg)
<use images//header.jpg>
Package pdftex.def Info: images//header.jpg  used on input line 118.
(pdftex.def)             Requested size: 93.89418pt x 26.02573pt.


Package fancyhdr Warning: \headheight is too small (12.0pt): 
(fancyhdr)                Make it at least 30.37576pt, for example:
(fancyhdr)                \setlength{\headheight}{30.37576pt}.
(fancyhdr)                You might also make \topmargin smaller to compensate:
(fancyhdr)                \addtolength{\topmargin}{-18.37576pt}.

[7



]
\openout2 = `Sections/Dataset_Pre-processing/dataset_pre-processing.aux'.

 (Sections/Dataset_Pre-processing/dataset_pre-processing.tex)
File: images//header.jpg Graphic file (type jpg)
<use images//header.jpg>
Package pdftex.def Info: images//header.jpg  used on input line 119.
(pdftex.def)             Requested size: 93.89418pt x 26.02573pt.


Package fancyhdr Warning: \headheight is too small (12.0pt): 
(fancyhdr)                Make it at least 30.37576pt, for example:
(fancyhdr)                \setlength{\headheight}{30.37576pt}.
(fancyhdr)                You might also make \topmargin smaller to compensate:
(fancyhdr)                \addtolength{\topmargin}{-18.37576pt}.

[8



]
\openout2 = `Sections/Experiments/experiments.aux'.

 (Sections/Experiments/experiments.tex)
File: images//header.jpg Graphic file (type jpg)
<use images//header.jpg>
Package pdftex.def Info: images//header.jpg  used on input line 120.
(pdftex.def)             Requested size: 93.89418pt x 26.02573pt.


Package fancyhdr Warning: \headheight is too small (12.0pt): 
(fancyhdr)                Make it at least 30.37576pt, for example:
(fancyhdr)                \setlength{\headheight}{30.37576pt}.
(fancyhdr)                You might also make \topmargin smaller to compensate:
(fancyhdr)                \addtolength{\topmargin}{-18.37576pt}.

[9



]
\openout2 = `Sections/Analysis_Results_Conclusions/analysis_results_conclusions.aux'.

 (Sections/Analysis_Results_Conclusions/analysis_results_conclusions.tex)
File: images//header.jpg Graphic file (type jpg)
<use images//header.jpg>
Package pdftex.def Info: images//header.jpg  used on input line 121.
(pdftex.def)             Requested size: 93.89418pt x 26.02573pt.


Package fancyhdr Warning: \headheight is too small (12.0pt): 
(fancyhdr)                Make it at least 30.37576pt, for example:
(fancyhdr)                \setlength{\headheight}{30.37576pt}.
(fancyhdr)                You might also make \topmargin smaller to compensate:
(fancyhdr)                \addtolength{\topmargin}{-18.37576pt}.

[10



]
\openout2 = `Sections/References/references.aux'.

 (Sections/References/references.tex)
File: images//header.jpg Graphic file (type jpg)
<use images//header.jpg>
Package pdftex.def Info: images//header.jpg  used on input line 122.
(pdftex.def)             Requested size: 93.89418pt x 26.02573pt.


Package fancyhdr Warning: \headheight is too small (12.0pt): 
(fancyhdr)                Make it at least 30.37576pt, for example:
(fancyhdr)                \setlength{\headheight}{30.37576pt}.
(fancyhdr)                You might also make \topmargin smaller to compensate:
(fancyhdr)                \addtolength{\topmargin}{-18.37576pt}.

[11



] (Report.aux (Sections/Section1/section1.aux) (Sections/Domain_Description/domain_description.aux) (Sections/Problem_Definition/problem_definition.aux) (Sections/Literature_Review/literature_review.aux) (Sections/Dataset_Description/dataset_description.aux) (Sections/Dataset_Pre-processing/dataset_pre-processing.aux) (Sections/Experiments/experiments.aux) (Sections/Analysis_Results_Conclusions/analysis_results_conclusions.aux) (Sections/References/references.aux))

LaTeX Warning: There were multiply-defined labels.

Package rerunfilecheck Info: File `Report.out' has not changed.
(rerunfilecheck)             Checksum: 3D1D0E8F410FD4E61D069C12B25A7A61;2191.
Package logreq Info: Writing requests to 'Report.run.xml'.
\openout1 = `Report.run.xml'.

 ) 
Here is how much of TeX's memory you used:
 22749 strings out of 475385
 413912 string characters out of 2776906
 1190358 words of memory out of 3000000
 43700 multiletter control sequences out of 15000+600000
 478315 words of font info for 62 fonts, out of 8000000 for 9000
 1141 hyphenation exceptions out of 8191
 72i,15n,77p,764b,1823s stack positions out of 10000i,1000n,20000p,200000b,80000s
<C:/Users/Mihai/AppData/Local/Programs/MiKTeX/fonts/type1/public/amsfonts/cm/cmbx10.pfb><C:/Users/Mihai/AppData/Local/Programs/MiKTeX/fonts/type1/public/amsfonts/cm/cmbx12.pfb><C:/Users/Mihai/AppData/Local/Programs/MiKTeX/fonts/type1/public/amsfonts/cm/cmr10.pfb><C:/Users/Mihai/AppData/Local/Programs/MiKTeX/fonts/type1/public/amsfonts/cm/cmr12.pfb><C:/Users/Mihai/AppData/Local/Programs/MiKTeX/fonts/type1/public/amsfonts/cm/cmr17.pfb>
Output written on Report.pdf (12 pages, 858943 bytes).
PDF statistics:
 186 PDF objects out of 1000 (max. 8388607)
 34 named destinations out of 1000 (max. 500000)
 155 words of extra memory for PDF output out of 10000 (max. 10000000)

